Connecting to database specified by database.yml
Connecting to database specified by database.yml
Connecting to database specified by database.yml
Connecting to database specified by database.yml
Connecting to database specified by database.yml


Started GET "/" for 216.243.38.178 at 2015-08-26 21:00:31 -0500
Processing by LandingsController#index as HTML
  [1m[36mUser Load (0.3ms)[0m  [1mSELECT `users`.* FROM `users` WHERE `users`.`id` = 1 LIMIT 1[0m
  [1m[35mSmokeBreak Load (0.5ms)[0m  SELECT `smoke_breaks`.* FROM `smoke_breaks` WHERE `smoke_breaks`.`user_id` = 1
  [1m[36mCoffeeIntake Load (0.2ms)[0m  [1mSELECT `coffee_intakes`.* FROM `coffee_intakes` WHERE `coffee_intakes`.`user_id` = 1[0m
  [1m[35mDrinkIntake Load (0.2ms)[0m  SELECT `drink_intakes`.* FROM `drink_intakes` WHERE `drink_intakes`.`user_id` = 1
  [1m[36m (1.8ms)[0m  [1mSELECT COUNT(*) AS count_all, DATE_ADD(CONVERT_TZ(DATE_FORMAT(CONVERT_TZ(DATE_SUB(created_at, INTERVAL 0 HOUR), '+00:00', 'America/Los_Angeles'), '%Y-%m-%d %H:00:00'), 'America/Los_Angeles', '+00:00'), INTERVAL 0 HOUR) AS hour FROM `smoke_breaks` WHERE (created_at >= '2015-08-13 00:00:00' AND created_at <= '2015-08-27 02:00:31') GROUP BY DATE_ADD(CONVERT_TZ(DATE_FORMAT(CONVERT_TZ(DATE_SUB(created_at, INTERVAL 0 HOUR), '+00:00', 'America/Los_Angeles'), '%Y-%m-%d %H:00:00'), 'America/Los_Angeles', '+00:00'), INTERVAL 0 HOUR)[0m
  [1m[35m (1.0ms)[0m  SELECT COUNT(*) AS count_all, DATE_ADD(CONVERT_TZ(DATE_FORMAT(CONVERT_TZ(DATE_SUB(created_at, INTERVAL 0 HOUR), '+00:00', 'America/Los_Angeles'), '%Y-%m-%d %H:00:00'), 'America/Los_Angeles', '+00:00'), INTERVAL 0 HOUR) AS hour FROM `drink_intakes` WHERE (created_at >= '2015-08-13 00:00:00' AND created_at <= '2015-08-27 02:00:31') GROUP BY DATE_ADD(CONVERT_TZ(DATE_FORMAT(CONVERT_TZ(DATE_SUB(created_at, INTERVAL 0 HOUR), '+00:00', 'America/Los_Angeles'), '%Y-%m-%d %H:00:00'), 'America/Los_Angeles', '+00:00'), INTERVAL 0 HOUR)
  [1m[36m (0.8ms)[0m  [1mSELECT COUNT(*) AS count_all, DATE_ADD(CONVERT_TZ(DATE_FORMAT(CONVERT_TZ(DATE_SUB(created_at, INTERVAL 0 HOUR), '+00:00', 'America/Los_Angeles'), '%Y-%m-%d %H:00:00'), 'America/Los_Angeles', '+00:00'), INTERVAL 0 HOUR) AS hour FROM `coffee_intakes` WHERE (created_at >= '2015-08-13 00:00:00' AND created_at <= '2015-08-27 02:00:32') GROUP BY DATE_ADD(CONVERT_TZ(DATE_FORMAT(CONVERT_TZ(DATE_SUB(created_at, INTERVAL 0 HOUR), '+00:00', 'America/Los_Angeles'), '%Y-%m-%d %H:00:00'), 'America/Los_Angeles', '+00:00'), INTERVAL 0 HOUR)[0m
  [1m[35mSmokeBreak Load (0.3ms)[0m  SELECT `smoke_breaks`.* FROM `smoke_breaks` WHERE `smoke_breaks`.`user_id` = 1 AND (recorded_time > '2015-08-12 07:00:00' AND recorded_time < '2015-08-13 07:00:00')
  [1m[36mSmokeBreak Load (0.2ms)[0m  [1mSELECT `smoke_breaks`.* FROM `smoke_breaks` WHERE `smoke_breaks`.`user_id` = 1 AND (recorded_time > '2015-08-13 07:00:00' AND recorded_time < '2015-08-14 07:00:00')[0m
  [1m[35mSmokeBreak Load (0.2ms)[0m  SELECT `smoke_breaks`.* FROM `smoke_breaks` WHERE `smoke_breaks`.`user_id` = 1 AND (recorded_time > '2015-08-14 07:00:00' AND recorded_time < '2015-08-15 07:00:00')
  [1m[36mSmokeBreak Load (0.2ms)[0m  [1mSELECT `smoke_breaks`.* FROM `smoke_breaks` WHERE `smoke_breaks`.`user_id` = 1 AND (recorded_time > '2015-08-15 07:00:00' AND recorded_time < '2015-08-16 07:00:00')[0m
  [1m[35mSmokeBreak Load (0.1ms)[0m  SELECT `smoke_breaks`.* FROM `smoke_breaks` WHERE `smoke_breaks`.`user_id` = 1 AND (recorded_time > '2015-08-16 07:00:00' AND recorded_time < '2015-08-17 07:00:00')
  [1m[36mSmokeBreak Load (0.1ms)[0m  [1mSELECT `smoke_breaks`.* FROM `smoke_breaks` WHERE `smoke_breaks`.`user_id` = 1 AND (recorded_time > '2015-08-17 07:00:00' AND recorded_time < '2015-08-18 07:00:00')[0m
  [1m[35mSmokeBreak Load (0.1ms)[0m  SELECT `smoke_breaks`.* FROM `smoke_breaks` WHERE `smoke_breaks`.`user_id` = 1 AND (recorded_time > '2015-08-18 07:00:00' AND recorded_time < '2015-08-19 07:00:00')
  [1m[36mSmokeBreak Load (0.1ms)[0m  [1mSELECT `smoke_breaks`.* FROM `smoke_breaks` WHERE `smoke_breaks`.`user_id` = 1 AND (recorded_time > '2015-08-19 07:00:00' AND recorded_time < '2015-08-20 07:00:00')[0m
  [1m[35mSmokeBreak Load (0.1ms)[0m  SELECT `smoke_breaks`.* FROM `smoke_breaks` WHERE `smoke_breaks`.`user_id` = 1 AND (recorded_time > '2015-08-20 07:00:00' AND recorded_time < '2015-08-21 07:00:00')
  [1m[36mSmokeBreak Load (0.2ms)[0m  [1mSELECT `smoke_breaks`.* FROM `smoke_breaks` WHERE `smoke_breaks`.`user_id` = 1 AND (recorded_time > '2015-08-21 07:00:00' AND recorded_time < '2015-08-22 07:00:00')[0m
  [1m[35mSmokeBreak Load (0.2ms)[0m  SELECT `smoke_breaks`.* FROM `smoke_breaks` WHERE `smoke_breaks`.`user_id` = 1 AND (recorded_time > '2015-08-22 07:00:00' AND recorded_time < '2015-08-23 07:00:00')
  [1m[36mSmokeBreak Load (0.2ms)[0m  [1mSELECT `smoke_breaks`.* FROM `smoke_breaks` WHERE `smoke_breaks`.`user_id` = 1 AND (recorded_time > '2015-08-23 07:00:00' AND recorded_time < '2015-08-24 07:00:00')[0m
  [1m[35mSmokeBreak Load (0.2ms)[0m  SELECT `smoke_breaks`.* FROM `smoke_breaks` WHERE `smoke_breaks`.`user_id` = 1 AND (recorded_time > '2015-08-24 07:00:00' AND recorded_time < '2015-08-25 07:00:00')
  [1m[36mSmokeBreak Load (0.2ms)[0m  [1mSELECT `smoke_breaks`.* FROM `smoke_breaks` WHERE `smoke_breaks`.`user_id` = 1 AND (recorded_time > '2015-08-25 07:00:00' AND recorded_time < '2015-08-26 07:00:00')[0m
  [1m[35mSmokeBreak Load (0.2ms)[0m  SELECT `smoke_breaks`.* FROM `smoke_breaks` WHERE `smoke_breaks`.`user_id` = 1 AND (recorded_time > '2015-08-26 07:00:00' AND recorded_time < '2015-08-27 07:00:00')
  [1m[36mCoffeeIntake Load (0.2ms)[0m  [1mSELECT `coffee_intakes`.* FROM `coffee_intakes` WHERE `coffee_intakes`.`user_id` = 1 AND (recorded_time > '2015-08-12 07:00:00' AND recorded_time < '2015-08-13 07:00:00')[0m
  [1m[35mCoffeeIntake Load (0.1ms)[0m  SELECT `coffee_intakes`.* FROM `coffee_intakes` WHERE `coffee_intakes`.`user_id` = 1 AND (recorded_time > '2015-08-13 07:00:00' AND recorded_time < '2015-08-14 07:00:00')
  [1m[36mCoffeeIntake Load (0.1ms)[0m  [1mSELECT `coffee_intakes`.* FROM `coffee_intakes` WHERE `coffee_intakes`.`user_id` = 1 AND (recorded_time > '2015-08-14 07:00:00' AND recorded_time < '2015-08-15 07:00:00')[0m
  [1m[35mCoffeeIntake Load (0.2ms)[0m  SELECT `coffee_intakes`.* FROM `coffee_intakes` WHERE `coffee_intakes`.`user_id` = 1 AND (recorded_time > '2015-08-15 07:00:00' AND recorded_time < '2015-08-16 07:00:00')
  [1m[36mCoffeeIntake Load (0.1ms)[0m  [1mSELECT `coffee_intakes`.* FROM `coffee_intakes` WHERE `coffee_intakes`.`user_id` = 1 AND (recorded_time > '2015-08-16 07:00:00' AND recorded_time < '2015-08-17 07:00:00')[0m
  [1m[35mCoffeeIntake Load (0.1ms)[0m  SELECT `coffee_intakes`.* FROM `coffee_intakes` WHERE `coffee_intakes`.`user_id` = 1 AND (recorded_time > '2015-08-17 07:00:00' AND recorded_time < '2015-08-18 07:00:00')
  [1m[36mCoffeeIntake Load (0.1ms)[0m  [1mSELECT `coffee_intakes`.* FROM `coffee_intakes` WHERE `coffee_intakes`.`user_id` = 1 AND (recorded_time > '2015-08-18 07:00:00' AND recorded_time < '2015-08-19 07:00:00')[0m
  [1m[35mCoffeeIntake Load (0.1ms)[0m  SELECT `coffee_intakes`.* FROM `coffee_intakes` WHERE `coffee_intakes`.`user_id` = 1 AND (recorded_time > '2015-08-19 07:00:00' AND recorded_time < '2015-08-20 07:00:00')
  [1m[36mCoffeeIntake Load (0.1ms)[0m  [1mSELECT `coffee_intakes`.* FROM `coffee_intakes` WHERE `coffee_intakes`.`user_id` = 1 AND (recorded_time > '2015-08-20 07:00:00' AND recorded_time < '2015-08-21 07:00:00')[0m
  [1m[35mCoffeeIntake Load (0.1ms)[0m  SELECT `coffee_intakes`.* FROM `coffee_intakes` WHERE `coffee_intakes`.`user_id` = 1 AND (recorded_time > '2015-08-21 07:00:00' AND recorded_time < '2015-08-22 07:00:00')
  [1m[36mCoffeeIntake Load (0.2ms)[0m  [1mSELECT `coffee_intakes`.* FROM `coffee_intakes` WHERE `coffee_intakes`.`user_id` = 1 AND (recorded_time > '2015-08-22 07:00:00' AND recorded_time < '2015-08-23 07:00:00')[0m
  [1m[35mCoffeeIntake Load (0.1ms)[0m  SELECT `coffee_intakes`.* FROM `coffee_intakes` WHERE `coffee_intakes`.`user_id` = 1 AND (recorded_time > '2015-08-23 07:00:00' AND recorded_time < '2015-08-24 07:00:00')
  [1m[36mCoffeeIntake Load (0.2ms)[0m  [1mSELECT `coffee_intakes`.* FROM `coffee_intakes` WHERE `coffee_intakes`.`user_id` = 1 AND (recorded_time > '2015-08-24 07:00:00' AND recorded_time < '2015-08-25 07:00:00')[0m
  [1m[35mCoffeeIntake Load (0.1ms)[0m  SELECT `coffee_intakes`.* FROM `coffee_intakes` WHERE `coffee_intakes`.`user_id` = 1 AND (recorded_time > '2015-08-25 07:00:00' AND recorded_time < '2015-08-26 07:00:00')
  [1m[36mCoffeeIntake Load (0.1ms)[0m  [1mSELECT `coffee_intakes`.* FROM `coffee_intakes` WHERE `coffee_intakes`.`user_id` = 1 AND (recorded_time > '2015-08-26 07:00:00' AND recorded_time < '2015-08-27 07:00:00')[0m
  [1m[35mDrinkIntake Load (0.2ms)[0m  SELECT `drink_intakes`.* FROM `drink_intakes` WHERE `drink_intakes`.`user_id` = 1 AND (recorded_time > '2015-08-12 07:00:00' AND recorded_time < '2015-08-13 07:00:00')
  [1m[36mDrinkIntake Load (0.1ms)[0m  [1mSELECT `drink_intakes`.* FROM `drink_intakes` WHERE `drink_intakes`.`user_id` = 1 AND (recorded_time > '2015-08-13 07:00:00' AND recorded_time < '2015-08-14 07:00:00')[0m
  [1m[35mDrinkIntake Load (0.1ms)[0m  SELECT `drink_intakes`.* FROM `drink_intakes` WHERE `drink_intakes`.`user_id` = 1 AND (recorded_time > '2015-08-14 07:00:00' AND recorded_time < '2015-08-15 07:00:00')
  [1m[36mDrinkIntake Load (0.1ms)[0m  [1mSELECT `drink_intakes`.* FROM `drink_intakes` WHERE `drink_intakes`.`user_id` = 1 AND (recorded_time > '2015-08-15 07:00:00' AND recorded_time < '2015-08-16 07:00:00')[0m
  [1m[35mDrinkIntake Load (0.1ms)[0m  SELECT `drink_intakes`.* FROM `drink_intakes` WHERE `drink_intakes`.`user_id` = 1 AND (recorded_time > '2015-08-16 07:00:00' AND recorded_time < '2015-08-17 07:00:00')
  [1m[36mDrinkIntake Load (0.1ms)[0m  [1mSELECT `drink_intakes`.* FROM `drink_intakes` WHERE `drink_intakes`.`user_id` = 1 AND (recorded_time > '2015-08-17 07:00:00' AND recorded_time < '2015-08-18 07:00:00')[0m
  [1m[35mDrinkIntake Load (0.1ms)[0m  SELECT `drink_intakes`.* FROM `drink_intakes` WHERE `drink_intakes`.`user_id` = 1 AND (recorded_time > '2015-08-18 07:00:00' AND recorded_time < '2015-08-19 07:00:00')
  [1m[36mDrinkIntake Load (0.1ms)[0m  [1mSELECT `drink_intakes`.* FROM `drink_intakes` WHERE `drink_intakes`.`user_id` = 1 AND (recorded_time > '2015-08-19 07:00:00' AND recorded_time < '2015-08-20 07:00:00')[0m
  [1m[35mDrinkIntake Load (0.2ms)[0m  SELECT `drink_intakes`.* FROM `drink_intakes` WHERE `drink_intakes`.`user_id` = 1 AND (recorded_time > '2015-08-20 07:00:00' AND recorded_time < '2015-08-21 07:00:00')
  [1m[36mDrinkIntake Load (0.1ms)[0m  [1mSELECT `drink_intakes`.* FROM `drink_intakes` WHERE `drink_intakes`.`user_id` = 1 AND (recorded_time > '2015-08-21 07:00:00' AND recorded_time < '2015-08-22 07:00:00')[0m
  [1m[35mDrinkIntake Load (0.1ms)[0m  SELECT `drink_intakes`.* FROM `drink_intakes` WHERE `drink_intakes`.`user_id` = 1 AND (recorded_time > '2015-08-22 07:00:00' AND recorded_time < '2015-08-23 07:00:00')
  [1m[36mDrinkIntake Load (0.2ms)[0m  [1mSELECT `drink_intakes`.* FROM `drink_intakes` WHERE `drink_intakes`.`user_id` = 1 AND (recorded_time > '2015-08-23 07:00:00' AND recorded_time < '2015-08-24 07:00:00')[0m
  [1m[35mDrinkIntake Load (0.1ms)[0m  SELECT `drink_intakes`.* FROM `drink_intakes` WHERE `drink_intakes`.`user_id` = 1 AND (recorded_time > '2015-08-24 07:00:00' AND recorded_time < '2015-08-25 07:00:00')
  [1m[36mDrinkIntake Load (0.1ms)[0m  [1mSELECT `drink_intakes`.* FROM `drink_intakes` WHERE `drink_intakes`.`user_id` = 1 AND (recorded_time > '2015-08-25 07:00:00' AND recorded_time < '2015-08-26 07:00:00')[0m
  [1m[35mDrinkIntake Load (0.1ms)[0m  SELECT `drink_intakes`.* FROM `drink_intakes` WHERE `drink_intakes`.`user_id` = 1 AND (recorded_time > '2015-08-26 07:00:00' AND recorded_time < '2015-08-27 07:00:00')
  Rendered shared/_smoke_break.html.erb (79.7ms)
  Rendered landings/index.html.erb within layouts/application (156.2ms)
  Rendered shared/_nav.html.erb (62.7ms)
  Rendered shared/_footer.html.erb (0.7ms)
Completed 200 OK in 1326ms (Views: 582.5ms | ActiveRecord: 20.7ms)


Started GET "/assets/groceries.css?body=1" for 216.243.38.178 at 2015-08-26 21:00:33 -0500
Served asset /groceries.css - 304 Not Modified (3ms)


Started GET "/assets/custom.css?body=1" for 216.243.38.178 at 2015-08-26 21:00:33 -0500
Served asset /custom.css - 304 Not Modified (5ms)


Started GET "/assets/drink_intakes.css?body=1" for 216.243.38.178 at 2015-08-26 21:00:33 -0500
Served asset /drink_intakes.css - 304 Not Modified (3ms)


Started GET "/assets/coffee_intakes.css?body=1" for 216.243.38.178 at 2015-08-26 21:00:33 -0500
Served asset /coffee_intakes.css - 304 Not Modified (3ms)


Started GET "/assets/foundation_and_overrides.css?body=1" for 216.243.38.178 at 2015-08-26 21:00:33 -0500
Served asset /foundation_and_overrides.css - 304 Not Modified (13ms)


Started GET "/assets/custom.js?body=1" for 216.243.38.178 at 2015-08-26 21:00:33 -0500
Served asset /custom.js - 304 Not Modified (8ms)


Started GET "/assets/groceries.js?body=1" for 216.243.38.178 at 2015-08-26 21:00:33 -0500
Served asset /groceries.js - 304 Not Modified (3ms)


Started GET "/assets/coffee_intakes.js?body=1" for 216.243.38.178 at 2015-08-26 21:00:33 -0500
Served asset /coffee_intakes.js - 304 Not Modified (6ms)


Started GET "/assets/drink_intakes.js?body=1" for 216.243.38.178 at 2015-08-26 21:00:33 -0500
Served asset /drink_intakes.js - 304 Not Modified (2ms)
Connecting to database specified by database.yml


Started GET "/" for 216.243.38.178 at 2015-08-26 21:02:29 -0500
Processing by LandingsController#index as HTML
  [1m[36mUser Load (0.3ms)[0m  [1mSELECT `users`.* FROM `users` WHERE `users`.`id` = 1 LIMIT 1[0m
  [1m[35mSmokeBreak Load (0.4ms)[0m  SELECT `smoke_breaks`.* FROM `smoke_breaks` WHERE `smoke_breaks`.`user_id` = 1
  [1m[36mCoffeeIntake Load (0.2ms)[0m  [1mSELECT `coffee_intakes`.* FROM `coffee_intakes` WHERE `coffee_intakes`.`user_id` = 1[0m
  [1m[35mDrinkIntake Load (0.2ms)[0m  SELECT `drink_intakes`.* FROM `drink_intakes` WHERE `drink_intakes`.`user_id` = 1
  [1m[36m (1.7ms)[0m  [1mSELECT COUNT(*) AS count_all, DATE_ADD(CONVERT_TZ(DATE_FORMAT(CONVERT_TZ(DATE_SUB(created_at, INTERVAL 0 HOUR), '+00:00', 'America/Los_Angeles'), '%Y-%m-%d %H:00:00'), 'America/Los_Angeles', '+00:00'), INTERVAL 0 HOUR) AS hour FROM `smoke_breaks` WHERE (created_at >= '2015-08-20 00:00:00' AND created_at <= '2015-08-27 02:02:29') GROUP BY DATE_ADD(CONVERT_TZ(DATE_FORMAT(CONVERT_TZ(DATE_SUB(created_at, INTERVAL 0 HOUR), '+00:00', 'America/Los_Angeles'), '%Y-%m-%d %H:00:00'), 'America/Los_Angeles', '+00:00'), INTERVAL 0 HOUR)[0m
  [1m[35m (0.9ms)[0m  SELECT COUNT(*) AS count_all, DATE_ADD(CONVERT_TZ(DATE_FORMAT(CONVERT_TZ(DATE_SUB(created_at, INTERVAL 0 HOUR), '+00:00', 'America/Los_Angeles'), '%Y-%m-%d %H:00:00'), 'America/Los_Angeles', '+00:00'), INTERVAL 0 HOUR) AS hour FROM `drink_intakes` WHERE (created_at >= '2015-08-20 00:00:00' AND created_at <= '2015-08-27 02:02:30') GROUP BY DATE_ADD(CONVERT_TZ(DATE_FORMAT(CONVERT_TZ(DATE_SUB(created_at, INTERVAL 0 HOUR), '+00:00', 'America/Los_Angeles'), '%Y-%m-%d %H:00:00'), 'America/Los_Angeles', '+00:00'), INTERVAL 0 HOUR)
  [1m[36m (0.7ms)[0m  [1mSELECT COUNT(*) AS count_all, DATE_ADD(CONVERT_TZ(DATE_FORMAT(CONVERT_TZ(DATE_SUB(created_at, INTERVAL 0 HOUR), '+00:00', 'America/Los_Angeles'), '%Y-%m-%d %H:00:00'), 'America/Los_Angeles', '+00:00'), INTERVAL 0 HOUR) AS hour FROM `coffee_intakes` WHERE (created_at >= '2015-08-20 00:00:00' AND created_at <= '2015-08-27 02:02:30') GROUP BY DATE_ADD(CONVERT_TZ(DATE_FORMAT(CONVERT_TZ(DATE_SUB(created_at, INTERVAL 0 HOUR), '+00:00', 'America/Los_Angeles'), '%Y-%m-%d %H:00:00'), 'America/Los_Angeles', '+00:00'), INTERVAL 0 HOUR)[0m
  [1m[35mSmokeBreak Load (0.3ms)[0m  SELECT `smoke_breaks`.* FROM `smoke_breaks` WHERE `smoke_breaks`.`user_id` = 1 AND (recorded_time > '2015-08-12 07:00:00' AND recorded_time < '2015-08-13 07:00:00')
  [1m[36mSmokeBreak Load (0.2ms)[0m  [1mSELECT `smoke_breaks`.* FROM `smoke_breaks` WHERE `smoke_breaks`.`user_id` = 1 AND (recorded_time > '2015-08-13 07:00:00' AND recorded_time < '2015-08-14 07:00:00')[0m
  [1m[35mSmokeBreak Load (0.2ms)[0m  SELECT `smoke_breaks`.* FROM `smoke_breaks` WHERE `smoke_breaks`.`user_id` = 1 AND (recorded_time > '2015-08-14 07:00:00' AND recorded_time < '2015-08-15 07:00:00')
  [1m[36mSmokeBreak Load (0.1ms)[0m  [1mSELECT `smoke_breaks`.* FROM `smoke_breaks` WHERE `smoke_breaks`.`user_id` = 1 AND (recorded_time > '2015-08-15 07:00:00' AND recorded_time < '2015-08-16 07:00:00')[0m
  [1m[35mSmokeBreak Load (0.1ms)[0m  SELECT `smoke_breaks`.* FROM `smoke_breaks` WHERE `smoke_breaks`.`user_id` = 1 AND (recorded_time > '2015-08-16 07:00:00' AND recorded_time < '2015-08-17 07:00:00')
  [1m[36mSmokeBreak Load (0.1ms)[0m  [1mSELECT `smoke_breaks`.* FROM `smoke_breaks` WHERE `smoke_breaks`.`user_id` = 1 AND (recorded_time > '2015-08-17 07:00:00' AND recorded_time < '2015-08-18 07:00:00')[0m
  [1m[35mSmokeBreak Load (0.1ms)[0m  SELECT `smoke_breaks`.* FROM `smoke_breaks` WHERE `smoke_breaks`.`user_id` = 1 AND (recorded_time > '2015-08-18 07:00:00' AND recorded_time < '2015-08-19 07:00:00')
  [1m[36mSmokeBreak Load (0.1ms)[0m  [1mSELECT `smoke_breaks`.* FROM `smoke_breaks` WHERE `smoke_breaks`.`user_id` = 1 AND (recorded_time > '2015-08-19 07:00:00' AND recorded_time < '2015-08-20 07:00:00')[0m
  [1m[35mSmokeBreak Load (0.1ms)[0m  SELECT `smoke_breaks`.* FROM `smoke_breaks` WHERE `smoke_breaks`.`user_id` = 1 AND (recorded_time > '2015-08-20 07:00:00' AND recorded_time < '2015-08-21 07:00:00')
  [1m[36mSmokeBreak Load (0.2ms)[0m  [1mSELECT `smoke_breaks`.* FROM `smoke_breaks` WHERE `smoke_breaks`.`user_id` = 1 AND (recorded_time > '2015-08-21 07:00:00' AND recorded_time < '2015-08-22 07:00:00')[0m
  [1m[35mSmokeBreak Load (0.2ms)[0m  SELECT `smoke_breaks`.* FROM `smoke_breaks` WHERE `smoke_breaks`.`user_id` = 1 AND (recorded_time > '2015-08-22 07:00:00' AND recorded_time < '2015-08-23 07:00:00')
  [1m[36mSmokeBreak Load (0.2ms)[0m  [1mSELECT `smoke_breaks`.* FROM `smoke_breaks` WHERE `smoke_breaks`.`user_id` = 1 AND (recorded_time > '2015-08-23 07:00:00' AND recorded_time < '2015-08-24 07:00:00')[0m
  [1m[35mSmokeBreak Load (0.2ms)[0m  SELECT `smoke_breaks`.* FROM `smoke_breaks` WHERE `smoke_breaks`.`user_id` = 1 AND (recorded_time > '2015-08-24 07:00:00' AND recorded_time < '2015-08-25 07:00:00')
  [1m[36mSmokeBreak Load (0.2ms)[0m  [1mSELECT `smoke_breaks`.* FROM `smoke_breaks` WHERE `smoke_breaks`.`user_id` = 1 AND (recorded_time > '2015-08-25 07:00:00' AND recorded_time < '2015-08-26 07:00:00')[0m
  [1m[35mSmokeBreak Load (0.2ms)[0m  SELECT `smoke_breaks`.* FROM `smoke_breaks` WHERE `smoke_breaks`.`user_id` = 1 AND (recorded_time > '2015-08-26 07:00:00' AND recorded_time < '2015-08-27 07:00:00')
  [1m[36mCoffeeIntake Load (0.2ms)[0m  [1mSELECT `coffee_intakes`.* FROM `coffee_intakes` WHERE `coffee_intakes`.`user_id` = 1 AND (recorded_time > '2015-08-12 07:00:00' AND recorded_time < '2015-08-13 07:00:00')[0m
  [1m[35mCoffeeIntake Load (0.2ms)[0m  SELECT `coffee_intakes`.* FROM `coffee_intakes` WHERE `coffee_intakes`.`user_id` = 1 AND (recorded_time > '2015-08-13 07:00:00' AND recorded_time < '2015-08-14 07:00:00')
  [1m[36mCoffeeIntake Load (0.1ms)[0m  [1mSELECT `coffee_intakes`.* FROM `coffee_intakes` WHERE `coffee_intakes`.`user_id` = 1 AND (recorded_time > '2015-08-14 07:00:00' AND recorded_time < '2015-08-15 07:00:00')[0m
  [1m[35mCoffeeIntake Load (0.2ms)[0m  SELECT `coffee_intakes`.* FROM `coffee_intakes` WHERE `coffee_intakes`.`user_id` = 1 AND (recorded_time > '2015-08-15 07:00:00' AND recorded_time < '2015-08-16 07:00:00')
  [1m[36mCoffeeIntake Load (0.1ms)[0m  [1mSELECT `coffee_intakes`.* FROM `coffee_intakes` WHERE `coffee_intakes`.`user_id` = 1 AND (recorded_time > '2015-08-16 07:00:00' AND recorded_time < '2015-08-17 07:00:00')[0m
  [1m[35mCoffeeIntake Load (0.1ms)[0m  SELECT `coffee_intakes`.* FROM `coffee_intakes` WHERE `coffee_intakes`.`user_id` = 1 AND (recorded_time > '2015-08-17 07:00:00' AND recorded_time < '2015-08-18 07:00:00')
  [1m[36mCoffeeIntake Load (0.2ms)[0m  [1mSELECT `coffee_intakes`.* FROM `coffee_intakes` WHERE `coffee_intakes`.`user_id` = 1 AND (recorded_time > '2015-08-18 07:00:00' AND recorded_time < '2015-08-19 07:00:00')[0m
  [1m[35mCoffeeIntake Load (0.1ms)[0m  SELECT `coffee_intakes`.* FROM `coffee_intakes` WHERE `coffee_intakes`.`user_id` = 1 AND (recorded_time > '2015-08-19 07:00:00' AND recorded_time < '2015-08-20 07:00:00')
  [1m[36mCoffeeIntake Load (0.1ms)[0m  [1mSELECT `coffee_intakes`.* FROM `coffee_intakes` WHERE `coffee_intakes`.`user_id` = 1 AND (recorded_time > '2015-08-20 07:00:00' AND recorded_time < '2015-08-21 07:00:00')[0m
  [1m[35mCoffeeIntake Load (0.2ms)[0m  SELECT `coffee_intakes`.* FROM `coffee_intakes` WHERE `coffee_intakes`.`user_id` = 1 AND (recorded_time > '2015-08-21 07:00:00' AND recorded_time < '2015-08-22 07:00:00')
  [1m[36mCoffeeIntake Load (0.1ms)[0m  [1mSELECT `coffee_intakes`.* FROM `coffee_intakes` WHERE `coffee_intakes`.`user_id` = 1 AND (recorded_time > '2015-08-22 07:00:00' AND recorded_time < '2015-08-23 07:00:00')[0m
  [1m[35mCoffeeIntake Load (0.1ms)[0m  SELECT `coffee_intakes`.* FROM `coffee_intakes` WHERE `coffee_intakes`.`user_id` = 1 AND (recorded_time > '2015-08-23 07:00:00' AND recorded_time < '2015-08-24 07:00:00')
  [1m[36mCoffeeIntake Load (0.2ms)[0m  [1mSELECT `coffee_intakes`.* FROM `coffee_intakes` WHERE `coffee_intakes`.`user_id` = 1 AND (recorded_time > '2015-08-24 07:00:00' AND recorded_time < '2015-08-25 07:00:00')[0m
  [1m[35mCoffeeIntake Load (0.1ms)[0m  SELECT `coffee_intakes`.* FROM `coffee_intakes` WHERE `coffee_intakes`.`user_id` = 1 AND (recorded_time > '2015-08-25 07:00:00' AND recorded_time < '2015-08-26 07:00:00')
  [1m[36mCoffeeIntake Load (0.1ms)[0m  [1mSELECT `coffee_intakes`.* FROM `coffee_intakes` WHERE `coffee_intakes`.`user_id` = 1 AND (recorded_time > '2015-08-26 07:00:00' AND recorded_time < '2015-08-27 07:00:00')[0m
  [1m[35mDrinkIntake Load (0.2ms)[0m  SELECT `drink_intakes`.* FROM `drink_intakes` WHERE `drink_intakes`.`user_id` = 1 AND (recorded_time > '2015-08-12 07:00:00' AND recorded_time < '2015-08-13 07:00:00')
  [1m[36mDrinkIntake Load (0.1ms)[0m  [1mSELECT `drink_intakes`.* FROM `drink_intakes` WHERE `drink_intakes`.`user_id` = 1 AND (recorded_time > '2015-08-13 07:00:00' AND recorded_time < '2015-08-14 07:00:00')[0m
  [1m[35mDrinkIntake Load (0.1ms)[0m  SELECT `drink_intakes`.* FROM `drink_intakes` WHERE `drink_intakes`.`user_id` = 1 AND (recorded_time > '2015-08-14 07:00:00' AND recorded_time < '2015-08-15 07:00:00')
  [1m[36mDrinkIntake Load (0.1ms)[0m  [1mSELECT `drink_intakes`.* FROM `drink_intakes` WHERE `drink_intakes`.`user_id` = 1 AND (recorded_time > '2015-08-15 07:00:00' AND recorded_time < '2015-08-16 07:00:00')[0m
  [1m[35mDrinkIntake Load (0.1ms)[0m  SELECT `drink_intakes`.* FROM `drink_intakes` WHERE `drink_intakes`.`user_id` = 1 AND (recorded_time > '2015-08-16 07:00:00' AND recorded_time < '2015-08-17 07:00:00')
  [1m[36mDrinkIntake Load (0.1ms)[0m  [1mSELECT `drink_intakes`.* FROM `drink_intakes` WHERE `drink_intakes`.`user_id` = 1 AND (recorded_time > '2015-08-17 07:00:00' AND recorded_time < '2015-08-18 07:00:00')[0m
  [1m[35mDrinkIntake Load (0.1ms)[0m  SELECT `drink_intakes`.* FROM `drink_intakes` WHERE `drink_intakes`.`user_id` = 1 AND (recorded_time > '2015-08-18 07:00:00' AND recorded_time < '2015-08-19 07:00:00')
  [1m[36mDrinkIntake Load (0.1ms)[0m  [1mSELECT `drink_intakes`.* FROM `drink_intakes` WHERE `drink_intakes`.`user_id` = 1 AND (recorded_time > '2015-08-19 07:00:00' AND recorded_time < '2015-08-20 07:00:00')[0m
  [1m[35mDrinkIntake Load (0.1ms)[0m  SELECT `drink_intakes`.* FROM `drink_intakes` WHERE `drink_intakes`.`user_id` = 1 AND (recorded_time > '2015-08-20 07:00:00' AND recorded_time < '2015-08-21 07:00:00')
  [1m[36mDrinkIntake Load (0.1ms)[0m  [1mSELECT `drink_intakes`.* FROM `drink_intakes` WHERE `drink_intakes`.`user_id` = 1 AND (recorded_time > '2015-08-21 07:00:00' AND recorded_time < '2015-08-22 07:00:00')[0m
  [1m[35mDrinkIntake Load (0.1ms)[0m  SELECT `drink_intakes`.* FROM `drink_intakes` WHERE `drink_intakes`.`user_id` = 1 AND (recorded_time > '2015-08-22 07:00:00' AND recorded_time < '2015-08-23 07:00:00')
  [1m[36mDrinkIntake Load (0.1ms)[0m  [1mSELECT `drink_intakes`.* FROM `drink_intakes` WHERE `drink_intakes`.`user_id` = 1 AND (recorded_time > '2015-08-23 07:00:00' AND recorded_time < '2015-08-24 07:00:00')[0m
  [1m[35mDrinkIntake Load (0.1ms)[0m  SELECT `drink_intakes`.* FROM `drink_intakes` WHERE `drink_intakes`.`user_id` = 1 AND (recorded_time > '2015-08-24 07:00:00' AND recorded_time < '2015-08-25 07:00:00')
  [1m[36mDrinkIntake Load (0.1ms)[0m  [1mSELECT `drink_intakes`.* FROM `drink_intakes` WHERE `drink_intakes`.`user_id` = 1 AND (recorded_time > '2015-08-25 07:00:00' AND recorded_time < '2015-08-26 07:00:00')[0m
  [1m[35mDrinkIntake Load (0.1ms)[0m  SELECT `drink_intakes`.* FROM `drink_intakes` WHERE `drink_intakes`.`user_id` = 1 AND (recorded_time > '2015-08-26 07:00:00' AND recorded_time < '2015-08-27 07:00:00')
  Rendered shared/_smoke_break.html.erb (79.8ms)
  Rendered landings/index.html.erb within layouts/application (155.5ms)
  Rendered shared/_nav.html.erb (3.3ms)
  Rendered shared/_footer.html.erb (0.4ms)
Completed 200 OK in 1106ms (Views: 507.1ms | ActiveRecord: 19.1ms)


Started GET "/assets/books.css?body=1" for 216.243.38.178 at 2015-08-26 21:02:30 -0500
Served asset /books.css - 304 Not Modified (5ms)


Started GET "/assets/categories.css?body=1" for 216.243.38.178 at 2015-08-26 21:02:30 -0500
Served asset /categories.css - 304 Not Modified (10ms)


Started GET "/assets/coffee_intakes.css?body=1" for 216.243.38.178 at 2015-08-26 21:02:31 -0500
Served asset /coffee_intakes.css - 304 Not Modified (2ms)


Started GET "/assets/foundation_and_overrides.css?body=1" for 216.243.38.178 at 2015-08-26 21:02:31 -0500
Served asset /foundation_and_overrides.css - 304 Not Modified (23ms)


Started GET "/assets/drink_intakes.css?body=1" for 216.243.38.178 at 2015-08-26 21:02:31 -0500
Served asset /drink_intakes.css - 304 Not Modified (3ms)


Started GET "/assets/custom.css?body=1" for 216.243.38.178 at 2015-08-26 21:02:31 -0500
Served asset /custom.css - 304 Not Modified (3ms)


Started GET "/assets/groceries.css?body=1" for 216.243.38.178 at 2015-08-26 21:02:31 -0500
Served asset /groceries.css - 304 Not Modified (2ms)


Started GET "/assets/genres.css?body=1" for 216.243.38.178 at 2015-08-26 21:02:31 -0500
Served asset /genres.css - 304 Not Modified (2ms)


Started GET "/assets/possessions.css?body=1" for 216.243.38.178 at 2015-08-26 21:02:31 -0500
Served asset /possessions.css - 304 Not Modified (3ms)


Started GET "/assets/scaffolds.css?body=1" for 216.243.38.178 at 2015-08-26 21:02:31 -0500
Served asset /scaffolds.css - 304 Not Modified (6ms)


Started GET "/assets/landings.css?body=1" for 216.243.38.178 at 2015-08-26 21:02:31 -0500
Served asset /landings.css - 304 Not Modified (2ms)


Started GET "/assets/jquery_ujs.js?body=1" for 216.243.38.178 at 2015-08-26 21:02:31 -0500
Served asset /jquery_ujs.js - 304 Not Modified (4ms)


Started GET "/assets/foundation/foundation.alerts.js?body=1" for 216.243.38.178 at 2015-08-26 21:02:31 -0500
Served asset /foundation/foundation.alerts.js - 304 Not Modified (3ms)


Started GET "/assets/foundation/foundation.dropdown.js?body=1" for 216.243.38.178 at 2015-08-26 21:02:31 -0500
Served asset /foundation/foundation.dropdown.js - 304 Not Modified (3ms)


Started GET "/assets/jquery.js?body=1" for 216.243.38.178 at 2015-08-26 21:02:31 -0500
Served asset /jquery.js - 304 Not Modified (7ms)


Started GET "/assets/foundation/foundation.joyride.js?body=1" for 216.243.38.178 at 2015-08-26 21:02:31 -0500
Served asset /foundation/foundation.joyride.js - 304 Not Modified (60ms)


Started GET "/assets/foundation/foundation.section.js?body=1" for 216.243.38.178 at 2015-08-26 21:02:31 -0500
Served asset /foundation/foundation.section.js - 304 Not Modified (4ms)


Started GET "/assets/foundation/foundation.topbar.js?body=1" for 216.243.38.178 at 2015-08-26 21:02:31 -0500
Served asset /foundation/foundation.topbar.js - 304 Not Modified (4ms)


Started GET "/assets/foundation/foundation.orbit.js?body=1" for 216.243.38.178 at 2015-08-26 21:02:31 -0500
Served asset /foundation/foundation.orbit.js - 304 Not Modified (4ms)


Started GET "/assets/foundation/index.js?body=1" for 216.243.38.178 at 2015-08-26 21:02:31 -0500
Served asset /foundation/index.js - 304 Not Modified (28ms)


Started GET "/assets/foundation/foundation.placeholder.js?body=1" for 216.243.38.178 at 2015-08-26 21:02:31 -0500
Served asset /foundation/foundation.placeholder.js - 304 Not Modified (4ms)


Started GET "/assets/categories.js?body=1" for 216.243.38.178 at 2015-08-26 21:02:31 -0500
Served asset /categories.js - 304 Not Modified (2ms)


Started GET "/assets/custom.js?body=1" for 216.243.38.178 at 2015-08-26 21:02:31 -0500
Served asset /custom.js - 304 Not Modified (2ms)


Started GET "/assets/possessions.js?body=1" for 216.243.38.178 at 2015-08-26 21:02:31 -0500
Served asset /possessions.js - 304 Not Modified (2ms)


Started GET "/assets/genres.js?body=1" for 216.243.38.178 at 2015-08-26 21:02:31 -0500
Served asset /genres.js - 304 Not Modified (2ms)


Started GET "/assets/foundation/foundation.clearing.js?body=1" for 216.243.38.178 at 2015-08-26 21:02:31 -0500
Served asset /foundation/foundation.clearing.js - 304 Not Modified (4ms)


Started GET "/assets/foundation/foundation.forms.js?body=1" for 216.243.38.178 at 2015-08-26 21:02:31 -0500
Served asset /foundation/foundation.forms.js - 304 Not Modified (4ms)


Started GET "/assets/foundation/foundation.reveal.js?body=1" for 216.243.38.178 at 2015-08-26 21:02:31 -0500
Served asset /foundation/foundation.reveal.js - 304 Not Modified (4ms)


Started GET "/assets/foundation/foundation.interchange.js?body=1" for 216.243.38.178 at 2015-08-26 21:02:31 -0500
Served asset /foundation/foundation.interchange.js - 304 Not Modified (4ms)


Started GET "/assets/books.js?body=1" for 216.243.38.178 at 2015-08-26 21:02:31 -0500
Served asset /books.js - 304 Not Modified (2ms)


Started GET "/assets/drink_intakes.js?body=1" for 216.243.38.178 at 2015-08-26 21:02:31 -0500
Served asset /drink_intakes.js - 304 Not Modified (2ms)


Started GET "/assets/foundation/foundation.cookie.js?body=1" for 216.243.38.178 at 2015-08-26 21:02:31 -0500
Served asset /foundation/foundation.cookie.js - 304 Not Modified (3ms)


Started GET "/assets/foundation/foundation.tooltips.js?body=1" for 216.243.38.178 at 2015-08-26 21:02:31 -0500
Served asset /foundation/foundation.tooltips.js - 304 Not Modified (3ms)


Started GET "/assets/coffee_intakes.js?body=1" for 216.243.38.178 at 2015-08-26 21:02:31 -0500
Served asset /coffee_intakes.js - 304 Not Modified (2ms)


Started GET "/assets/foundation/foundation.js?body=1" for 216.243.38.178 at 2015-08-26 21:02:31 -0500
Served asset /foundation/foundation.js - 304 Not Modified (3ms)


Started GET "/assets/foundation/foundation.magellan.js?body=1" for 216.243.38.178 at 2015-08-26 21:02:31 -0500
Served asset /foundation/foundation.magellan.js - 304 Not Modified (3ms)


Started GET "/assets/foundation/foundation.abide.js?body=1" for 216.243.38.178 at 2015-08-26 21:02:31 -0500
Served asset /foundation/foundation.abide.js - 304 Not Modified (4ms)


Started GET "/assets/groceries.js?body=1" for 216.243.38.178 at 2015-08-26 21:02:31 -0500
Served asset /groceries.js - 304 Not Modified (2ms)
